<?xml version="1.0" encoding="UTF-8"?>
<testsuite name="com.winter.dubbo.provider.ProviderApplicationTests" tests="1" skipped="0" failures="0" errors="0" timestamp="2019-02-27T08:15:35" hostname="songxiaoxiaodeMacBook-Pro.local" time="0.166">
  <properties/>
  <testcase name="contextLoads" classname="com.winter.dubbo.provider.ProviderApplicationTests" time="0.166"/>
  <system-out><![CDATA[16:15:34.540 [Test worker] DEBUG org.springframework.test.context.junit4.SpringJUnit4ClassRunner - SpringJUnit4ClassRunner constructor called with [class com.winter.dubbo.provider.ProviderApplicationTests]
16:15:34.549 [Test worker] DEBUG org.springframework.test.context.BootstrapUtils - Instantiating CacheAwareContextLoaderDelegate from class [org.springframework.test.context.cache.DefaultCacheAwareContextLoaderDelegate]
16:15:34.559 [Test worker] DEBUG org.springframework.test.context.BootstrapUtils - Instantiating BootstrapContext using constructor [public org.springframework.test.context.support.DefaultBootstrapContext(java.lang.Class,org.springframework.test.context.CacheAwareContextLoaderDelegate)]
16:15:34.582 [Test worker] DEBUG org.springframework.test.context.BootstrapUtils - Instantiating TestContextBootstrapper for test class [com.winter.dubbo.provider.ProviderApplicationTests] from class [org.springframework.boot.test.context.SpringBootTestContextBootstrapper]
16:15:34.597 [Test worker] INFO org.springframework.boot.test.context.SpringBootTestContextBootstrapper - Neither @ContextConfiguration nor @ContextHierarchy found for test class [com.winter.dubbo.provider.ProviderApplicationTests], using SpringBootContextLoader
16:15:34.601 [Test worker] DEBUG org.springframework.test.context.support.AbstractContextLoader - Did not detect default resource location for test class [com.winter.dubbo.provider.ProviderApplicationTests]: class path resource [com/winter/dubbo/provider/ProviderApplicationTests-context.xml] does not exist
16:15:34.601 [Test worker] DEBUG org.springframework.test.context.support.AbstractContextLoader - Did not detect default resource location for test class [com.winter.dubbo.provider.ProviderApplicationTests]: class path resource [com/winter/dubbo/provider/ProviderApplicationTestsContext.groovy] does not exist
16:15:34.602 [Test worker] INFO org.springframework.test.context.support.AbstractContextLoader - Could not detect default resource locations for test class [com.winter.dubbo.provider.ProviderApplicationTests]: no resource found for suffixes {-context.xml, Context.groovy}.
16:15:34.602 [Test worker] INFO org.springframework.test.context.support.AnnotationConfigContextLoaderUtils - Could not detect default configuration classes for test class [com.winter.dubbo.provider.ProviderApplicationTests]: ProviderApplicationTests does not declare any static, non-private, non-final, nested classes annotated with @Configuration.
16:15:34.651 [Test worker] DEBUG org.springframework.test.context.support.ActiveProfilesUtils - Could not find an 'annotation declaring class' for annotation type [org.springframework.test.context.ActiveProfiles] and class [com.winter.dubbo.provider.ProviderApplicationTests]
16:15:34.729 [Test worker] DEBUG org.springframework.context.annotation.ClassPathScanningCandidateComponentProvider - Identified candidate component class: file [/Users/winter/work/code/java/dubbo_demo/provider/build/classes/java/main/com/winter/dubbo/provider/ProviderApplication.class]
16:15:34.731 [Test worker] INFO org.springframework.boot.test.context.SpringBootTestContextBootstrapper - Found @SpringBootConfiguration com.winter.dubbo.provider.ProviderApplication for test class com.winter.dubbo.provider.ProviderApplicationTests
16:15:34.836 [Test worker] DEBUG org.springframework.boot.test.context.SpringBootTestContextBootstrapper - @TestExecutionListeners is not present for class [com.winter.dubbo.provider.ProviderApplicationTests]: using defaults.
16:15:34.837 [Test worker] INFO org.springframework.boot.test.context.SpringBootTestContextBootstrapper - Loaded default TestExecutionListener class names from location [META-INF/spring.factories]: [org.springframework.boot.test.autoconfigure.restdocs.RestDocsTestExecutionListener, org.springframework.boot.test.autoconfigure.web.client.MockRestServiceServerResetTestExecutionListener, org.springframework.boot.test.autoconfigure.web.servlet.MockMvcPrintOnlyOnFailureTestExecutionListener, org.springframework.boot.test.autoconfigure.web.servlet.WebDriverTestExecutionListener, org.springframework.boot.test.mock.mockito.MockitoTestExecutionListener, org.springframework.boot.test.mock.mockito.ResetMocksTestExecutionListener, org.springframework.test.context.web.ServletTestExecutionListener, org.springframework.test.context.support.DirtiesContextBeforeModesTestExecutionListener, org.springframework.test.context.support.DependencyInjectionTestExecutionListener, org.springframework.test.context.support.DirtiesContextTestExecutionListener, org.springframework.test.context.transaction.TransactionalTestExecutionListener, org.springframework.test.context.jdbc.SqlScriptsTestExecutionListener]
16:15:34.845 [Test worker] DEBUG org.springframework.boot.test.context.SpringBootTestContextBootstrapper - Skipping candidate TestExecutionListener [org.springframework.test.context.web.ServletTestExecutionListener] due to a missing dependency. Specify custom listener classes or make the default listener classes and their required dependencies available. Offending class: [javax/servlet/ServletContext]
16:15:34.847 [Test worker] DEBUG org.springframework.boot.test.context.SpringBootTestContextBootstrapper - Skipping candidate TestExecutionListener [org.springframework.test.context.transaction.TransactionalTestExecutionListener] due to a missing dependency. Specify custom listener classes or make the default listener classes and their required dependencies available. Offending class: [org/springframework/transaction/interceptor/TransactionAttributeSource]
16:15:34.848 [Test worker] DEBUG org.springframework.boot.test.context.SpringBootTestContextBootstrapper - Skipping candidate TestExecutionListener [org.springframework.test.context.jdbc.SqlScriptsTestExecutionListener] due to a missing dependency. Specify custom listener classes or make the default listener classes and their required dependencies available. Offending class: [org/springframework/transaction/interceptor/TransactionAttribute]
16:15:34.848 [Test worker] INFO org.springframework.boot.test.context.SpringBootTestContextBootstrapper - Using TestExecutionListeners: [org.springframework.test.context.support.DirtiesContextBeforeModesTestExecutionListener@7567b5b3, org.springframework.boot.test.mock.mockito.MockitoTestExecutionListener@2be7821e, org.springframework.boot.test.autoconfigure.SpringBootDependencyInjectionTestExecutionListener@6bd4d7ed, org.springframework.test.context.support.DirtiesContextTestExecutionListener@54fea7d2, org.springframework.boot.test.autoconfigure.restdocs.RestDocsTestExecutionListener@1cfc5ad3, org.springframework.boot.test.autoconfigure.web.client.MockRestServiceServerResetTestExecutionListener@b1cdc20, org.springframework.boot.test.autoconfigure.web.servlet.MockMvcPrintOnlyOnFailureTestExecutionListener@463a0911, org.springframework.boot.test.autoconfigure.web.servlet.WebDriverTestExecutionListener@67dbf633, org.springframework.boot.test.mock.mockito.ResetMocksTestExecutionListener@190f12d9]
16:15:34.851 [Test worker] DEBUG org.springframework.test.annotation.ProfileValueUtils - Retrieved @ProfileValueSourceConfiguration [null] for test class [com.winter.dubbo.provider.ProviderApplicationTests]
16:15:34.852 [Test worker] DEBUG org.springframework.test.annotation.ProfileValueUtils - Retrieved ProfileValueSource type [class org.springframework.test.annotation.SystemProfileValueSource] for class [com.winter.dubbo.provider.ProviderApplicationTests]
16:15:34.852 [Test worker] DEBUG org.springframework.test.annotation.ProfileValueUtils - Retrieved @ProfileValueSourceConfiguration [null] for test class [com.winter.dubbo.provider.ProviderApplicationTests]
16:15:34.852 [Test worker] DEBUG org.springframework.test.annotation.ProfileValueUtils - Retrieved ProfileValueSource type [class org.springframework.test.annotation.SystemProfileValueSource] for class [com.winter.dubbo.provider.ProviderApplicationTests]
16:15:34.857 [Test worker] DEBUG org.springframework.test.context.support.AbstractDirtiesContextTestExecutionListener - Before test class: context [DefaultTestContext@c88af98 testClass = ProviderApplicationTests, testInstance = [null], testMethod = [null], testException = [null], mergedContextConfiguration = [MergedContextConfiguration@56d8a6e2 testClass = ProviderApplicationTests, locations = '{}', classes = '{class com.winter.dubbo.provider.ProviderApplication}', contextInitializerClasses = '[]', activeProfiles = '{}', propertySourceLocations = '{}', propertySourceProperties = '{org.springframework.boot.test.context.SpringBootTestContextBootstrapper=true}', contextCustomizers = set[org.springframework.boot.test.autoconfigure.properties.PropertyMappingContextCustomizer@0, org.springframework.boot.test.autoconfigure.web.servlet.WebDriverContextCustomizerFactory$Customizer@6601007b, org.springframework.boot.test.context.filter.ExcludeFilterContextCustomizer@b7d2de5, org.springframework.boot.test.json.DuplicateJsonObjectContextCustomizerFactory$DuplicateJsonObjectContextCustomizer@51757260, org.springframework.boot.test.mock.mockito.MockitoContextCustomizer@0, org.springframework.boot.test.web.client.TestRestTemplateContextCustomizer@63f29ec4], contextLoader = 'org.springframework.boot.test.context.SpringBootContextLoader', parent = [null]], attributes = map[[empty]]], class annotated with @DirtiesContext [false] with mode [null].
16:15:34.857 [Test worker] DEBUG org.springframework.test.annotation.ProfileValueUtils - Retrieved @ProfileValueSourceConfiguration [null] for test class [com.winter.dubbo.provider.ProviderApplicationTests]
16:15:34.858 [Test worker] DEBUG org.springframework.test.annotation.ProfileValueUtils - Retrieved ProfileValueSource type [class org.springframework.test.annotation.SystemProfileValueSource] for class [com.winter.dubbo.provider.ProviderApplicationTests]
16:15:34.862 [Test worker] DEBUG org.springframework.test.context.support.DependencyInjectionTestExecutionListener - Performing dependency injection for test context [[DefaultTestContext@c88af98 testClass = ProviderApplicationTests, testInstance = com.winter.dubbo.provider.ProviderApplicationTests@4b97d77c, testMethod = [null], testException = [null], mergedContextConfiguration = [MergedContextConfiguration@56d8a6e2 testClass = ProviderApplicationTests, locations = '{}', classes = '{class com.winter.dubbo.provider.ProviderApplication}', contextInitializerClasses = '[]', activeProfiles = '{}', propertySourceLocations = '{}', propertySourceProperties = '{org.springframework.boot.test.context.SpringBootTestContextBootstrapper=true}', contextCustomizers = set[org.springframework.boot.test.autoconfigure.properties.PropertyMappingContextCustomizer@0, org.springframework.boot.test.autoconfigure.web.servlet.WebDriverContextCustomizerFactory$Customizer@6601007b, org.springframework.boot.test.context.filter.ExcludeFilterContextCustomizer@b7d2de5, org.springframework.boot.test.json.DuplicateJsonObjectContextCustomizerFactory$DuplicateJsonObjectContextCustomizer@51757260, org.springframework.boot.test.mock.mockito.MockitoContextCustomizer@0, org.springframework.boot.test.web.client.TestRestTemplateContextCustomizer@63f29ec4], contextLoader = 'org.springframework.boot.test.context.SpringBootContextLoader', parent = [null]], attributes = map[[empty]]]].
16:15:34.880 [Test worker] DEBUG org.springframework.test.context.support.TestPropertySourceUtils - Adding inlined properties to environment: {spring.jmx.enabled=false, org.springframework.boot.test.context.SpringBootTestContextBootstrapper=true, server.port=-1}

  .   ____          _            __ _ _
 /\\ / ___'_ __ _ _(_)_ __  __ _ \ \ \ \
( ( )\___ | '_ | '_| | '_ \/ _` | \ \ \ \
 \\/  ___)| |_)| | | | | || (_| |  ) ) ) )
  '  |____| .__|_| |_|_| |_\__, | / / / /
 =========|_|==============|___/=/_/_/_/
 :: Spring Boot ::        (v2.1.3.RELEASE)

2019-02-27 16:15:35.101  INFO 59113 --- [    Test worker] c.w.d.provider.ProviderApplicationTests  : Starting ProviderApplicationTests on songxiaoxiaodeMacBook-Pro.local with PID 59113 (started by winter in /Users/winter/work/code/java/dubbo_demo/provider)
2019-02-27 16:15:35.103  INFO 59113 --- [    Test worker] c.w.d.provider.ProviderApplicationTests  : No active profile set, falling back to default profiles: default
2019-02-27 16:15:35.571  INFO 59113 --- [    Test worker] c.w.d.provider.ProviderApplicationTests  : Started ProviderApplicationTests in 0.689 seconds (JVM running for 1.61)
]]></system-out>
  <system-err><![CDATA[]]></system-err>
</testsuite>
